<?xml version="1.0" encoding="UTF-8"?>
<!-- Generated by org.testng.reporters.JUnitXMLReporter -->
<testsuite hostname="DESKTOP-BGOVQ9A" ignored="1" name="Default test(failed)" tests="2" failures="1" timestamp="2021-08-24T10:16:05 MST" time="0.057" errors="0">
  <testcase name="test3" time="0.011" classname="demo.TestNGRetryFailedDemo">
    <failure type="java.lang.AssertionError" message="expected [true] but found [false]">
      <![CDATA[java.lang.AssertionError: expected [true] but found [false]
at demo.TestNGRetryFailedDemo.test3(TestNGRetryFailedDemo.java:24)
at java.util.ArrayList.forEach(ArrayList.java:1259)
... Removed 31 stack frames]]>
    </failure>
  </testcase> <!-- test3 -->
  <testcase name="test2" time="0.002" classname="demo.TestNGRetryFailedDemo"/>
  <testcase name="test1" time="0.0" classname="demo.TestNGRetryFailedDemo">
    <ignored/>
  </testcase> <!-- test1 -->
</testsuite> <!-- Default test(failed) -->
