<?xml version="1.0" encoding="UTF-8"?>
<testng-results skipped="0" failed="0" ignored="0" total="1" passed="1">
  <reporter-output>
  </reporter-output>
  <suite name="Default suite" duration-ms="8944" started-at="2021-08-24T15:26:53 MST" finished-at="2021-08-24T15:27:02 MST">
    <groups>
    </groups>
    <test name="Default test" duration-ms="8944" started-at="2021-08-24T15:26:53 MST" finished-at="2021-08-24T15:27:02 MST">
      <class name="demo.Test1">
        <test-method status="PASS" signature="setUp()[pri:0, instance:demo.Test1@55ca8de8]" name="setUp" is-config="true" duration-ms="2724" started-at="2021-08-24T15:26:53 MST" finished-at="2021-08-24T15:26:56 MST">
          <reporter-output>
          </reporter-output>
        </test-method> <!-- setUp -->
        <test-method status="PASS" signature="test1()[pri:0, instance:demo.Test1@55ca8de8]" name="test1" duration-ms="5377" started-at="2021-08-24T15:26:56 MST" finished-at="2021-08-24T15:27:01 MST">
          <reporter-output>
          </reporter-output>
        </test-method> <!-- test1 -->
        <test-method status="PASS" signature="tearDown()[pri:0, instance:demo.Test1@55ca8de8]" name="tearDown" is-config="true" duration-ms="777" started-at="2021-08-24T15:27:01 MST" finished-at="2021-08-24T15:27:02 MST">
          <reporter-output>
          </reporter-output>
        </test-method> <!-- tearDown -->
      </class> <!-- demo.Test1 -->
    </test> <!-- Default test -->
  </suite> <!-- Default suite -->
</testng-results>
